\BOOKMARK [0][-]{chapter.1}{Introduction}{}% 1
\BOOKMARK [1][-]{section.1.1}{Database Technologies}{chapter.1}% 2
\BOOKMARK [1][-]{section.1.2}{Characteristics of Database Approach }{chapter.1}% 3
\BOOKMARK [1][-]{section.1.3}{Applications of DBMS}{chapter.1}% 4
\BOOKMARK [1][-]{section.1.4}{Problem Description/Statement}{chapter.1}% 5
\BOOKMARK [0][-]{chapter.2}{Requirement Analysis}{}% 6
\BOOKMARK [1][-]{section.2.1}{Hardware Requirements}{chapter.2}% 7
\BOOKMARK [1][-]{section.2.2}{Software Requirements}{chapter.2}% 8
\BOOKMARK [0][-]{chapter.3}{Database Design}{}% 9
\BOOKMARK [1][-]{section.3.1}{ER Schema}{chapter.3}% 10
\BOOKMARK [1][-]{section.3.2}{Relational Schema}{chapter.3}% 11
\BOOKMARK [0][-]{chapter.4}{Description of Tools and Technologies}{}% 12
\BOOKMARK [1][-]{section.4.1}{PostgreSQL}{chapter.4}% 13
\BOOKMARK [1][-]{section.4.2}{Python Flask}{chapter.4}% 14
\BOOKMARK [1][-]{section.4.3}{Flask-SQLAlchemy}{chapter.4}% 15
\BOOKMARK [0][-]{chapter.5}{SQL Database Connectivity}{}% 16
\BOOKMARK [1][-]{section.5.1}{Opening a Connection}{chapter.5}% 17
\BOOKMARK [1][-]{section.5.2}{Closing a Connection}{chapter.5}% 18
\BOOKMARK [1][-]{section.5.3}{Executing a Query}{chapter.5}% 19
\BOOKMARK [1][-]{section.5.4}{Close the Connection}{chapter.5}% 20
\BOOKMARK [0][-]{chapter.6}{Implementation}{}% 21
\BOOKMARK [1][-]{section.6.1}{Code For Major Functionalities}{chapter.6}% 22
\BOOKMARK [2][-]{subsection.6.1.1}{Main Application}{section.6.1}% 23
\BOOKMARK [2][-]{subsection.6.1.2}{Model}{section.6.1}% 24
\BOOKMARK [2][-]{subsection.6.1.3}{Populate Database}{section.6.1}% 25
\BOOKMARK [1][-]{section.6.2}{Procedures}{chapter.6}% 26
\BOOKMARK [2][-]{subsection.6.2.1}{Consolidate day statistics}{section.6.2}% 27
\BOOKMARK [2][-]{subsection.6.2.2}{Consolidate month statistics}{section.6.2}% 28
